2024-03-16 00:32:31:3231 [31merror[39m: [31mError[39m
2024-03-16 00:32:31:3231 [33mwarn[39m: [33mWarn[39m
2024-03-16 00:32:31:3231 [32minfo[39m: [32mInfo[39m
2024-03-16 00:32:31:3231 [35mhttp[39m: [35mHttp[39m
2024-03-16 00:32:31:3231 [37mdebug[39m: [37mDebug[39m
2024-03-16 00:49:59:4959 [31merror[39m: [31mError[39m
2024-03-16 00:49:59:4959 [33mwarn[39m: [33mWarn[39m
2024-03-16 00:49:59:4959 [32minfo[39m: [32mInfo[39m
2024-03-16 00:49:59:4959 [35mhttp[39m: [35mHttp[39m
2024-03-16 00:49:59:4959 [37mdebug[39m: [37mDebug[39m
2024-03-16 00:56:06:566 [31merror[39m: [31mError[39m
2024-03-16 00:56:06:566 [33mwarn[39m: [33mWarn[39m
2024-03-16 00:56:06:566 [32minfo[39m: [32mInfo[39m
2024-03-16 00:56:06:566 [35mhttp[39m: [35mHttp[39m
2024-03-16 00:56:06:566 [37mdebug[39m: [37mDebug[39m
2024-03-16 00:56:06:566 [35mhttp[39m: [35m:method :url :status :res[content-length] - :response-time ms[39m
[35m[39m
2024-03-16 00:56:22:5622 [31merror[39m: [31mError[39m
2024-03-16 00:56:22:5622 [33mwarn[39m: [33mWarn[39m
2024-03-16 00:56:22:5622 [32minfo[39m: [32mInfo[39m
2024-03-16 00:56:22:5622 [35mhttp[39m: [35mHttp[39m
2024-03-16 00:56:22:5622 [37mdebug[39m: [37mDebug[39m
2024-03-16 00:56:22:5622 [35mhttp[39m: [35mGET /logger 304 - - 17.539 ms[39m
[35m[39m
2024-03-16 00:57:02:572 [31merror[39m: [31mError[39m
2024-03-16 00:57:02:572 [33mwarn[39m: [33mWarn[39m
2024-03-16 00:57:02:572 [32minfo[39m: [32mInfo[39m
2024-03-16 00:57:02:572 [35mhttp[39m: [35mHttp[39m
2024-03-16 00:57:02:572 [37mdebug[39m: [37mDebug[39m
2024-03-16 00:57:02:572 [35mhttp[39m: [35mGET /logger 304 - - 16.019 ms[39m
[35m[39m
2024-03-16 00:57:16:5716 [31merror[39m: [31mError[39m
2024-03-16 00:57:16:5716 [33mwarn[39m: [33mWarn[39m
2024-03-16 00:57:16:5716 [32minfo[39m: [32mInfo[39m
2024-03-16 00:57:16:5716 [35mhttp[39m: [35mHttp[39m
2024-03-16 00:57:16:5716 [37mdebug[39m: [37mDebug[39m
2024-03-16 00:57:16:5716 [35mhttp[39m: [35mGET /logger 304 - - 14.546 ms[39m
[35m[39m
2024-03-16 00:57:55:5755 [31merror[39m: [31mError[39m
2024-03-16 00:57:55:5755 [33mwarn[39m: [33mWarn[39m
2024-03-16 00:57:55:5755 [32minfo[39m: [32mInfo[39m
2024-03-16 00:57:55:5755 [35mhttp[39m: [35mHttp[39m
2024-03-16 00:57:55:5755 [37mdebug[39m: [37mDebug[39m
2024-03-16 00:58:50:5850 [31merror[39m: [31mError[39m
2024-03-16 00:58:50:5850 [33mwarn[39m: [33mWarn[39m
2024-03-16 00:58:50:5850 [32minfo[39m: [32mInfo[39m
2024-03-16 00:58:50:5850 [35mhttp[39m: [35mHttp[39m
2024-03-16 00:58:50:5850 [37mdebug[39m: [37mDebug[39m
2024-03-16 00:58:50:5850 [35mhttp[39m: [35mGET /logger 304 - - 14.351 ms[39m
[35m[39m
