2024-03-16 00:32:31:3231 [31merror[39m: [31mError[39m
2024-03-16 00:49:59:4959 [31merror[39m: [31mError[39m
2024-03-16 00:56:06:566 [31merror[39m: [31mError[39m
2024-03-16 00:56:22:5622 [31merror[39m: [31mError[39m
2024-03-16 00:57:02:572 [31merror[39m: [31mError[39m
2024-03-16 00:57:16:5716 [31merror[39m: [31mError[39m
2024-03-16 00:57:55:5755 [31merror[39m: [31mError[39m
2024-03-16 00:58:50:5850 [31merror[39m: [31mError[39m
2024-03-16 14:05:13:513 [31merror[39m: [31m"Ini error"[39m
2024-03-16 14:06:35:635 [31merror[39m: [31m"Ini error"[39m
2024-03-16 14:50:37:5037 [31merror[39m: [31m"Ini error"[39m
2024-03-16 16:26:29:2629 [31merror[39m: [31mmsg[39m
2024-03-16 16:28:42:2842 [31merror[39m: [31mmsg[39m
2024-03-16 16:29:08:298 [31merror[39m: [31mm[39m
2024-03-16 17:58:28:5828 [31merror[39m: [31ma[39m
2024-03-16 17:59:45:5945 [31merror[39m: [31ma[39m
2024-03-16 18:43:51:4351 [31merror[39m: [31mSomething went wrong : 500 a[39m
2024-03-16 18:45:09:459 [31merror[39m: [31mSomething went wrong : 500 a[39m
2024-03-16 18:45:13:4513 [31merror[39m: [31mSomething went wrong : 500 a[39m
2024-03-16 18:50:22:5022 [31merror[39m: [31mSomething went wrong : 500 a[39m
2024-03-16 18:52:33:5233 [31merror[39m: [31mSomething went wrong : 500 a[39m
